REQUEST :  received at Sat May 23 16:47:01 IST 2015
RESPONSE :  sent at Sat May 23 16:47:02 IST 2015
REQUEST :  received at Sat May 23 16:47:03 IST 2015
RESPONSE :  sent at Sat May 23 16:47:04 IST 2015
REQUEST :  received at Sat May 23 16:47:04 IST 2015
RESPONSE :  sent at Sat May 23 16:47:05 IST 2015
REQUEST :  received at Sat May 23 16:47:31 IST 2015
RESPONSE :  sent at Sat May 23 16:47:32 IST 2015
REQUEST :  received at Sat May 23 16:47:47 IST 2015
RESPONSE :  sent at Sat May 23 16:47:48 IST 2015
REQUEST :  received at Sat May 23 16:47:51 IST 2015
RESPONSE :  sent at Sat May 23 16:47:52 IST 2015
REQUEST :  received at Sat May 23 16:49:30 IST 2015
RESPONSE :  sent at Sat May 23 16:49:31 IST 2015
REQUEST :  received at Sat May 23 16:49:36 IST 2015
RESPONSE :  sent at Sat May 23 16:49:41 IST 2015
REQUEST :  received at Sat May 23 16:50:19 IST 2015
RESPONSE :  sent at Sat May 23 16:50:19 IST 2015
REQUEST :  received at 23 May 2015 04:53:00 IST
RESPONSE :  sent at 23 May 2015 04:53:00 IST
REQUEST :  received at 23 May 2015 04:53:10 IST
RESPONSE :  sent at 23 May 2015 04:53:10 IST
REQUEST :  received at 23 May 2015 04:53:11 IST
RESPONSE :  sent at 23 May 2015 04:53:11 IST
REQUEST :  received at 23 May 2015 04:53:12 IST
RESPONSE :  sent at 23 May 2015 04:53:12 IST
REQUEST :  received at 23 May 2015 04:54:57.781
RESPONSE :  sent at 23 May 2015 04:54:57.832
REQUEST :  received at 23 May 2015 05:13:45.572
RESPONSE :  sent at 23 May 2015 05:13:45.677
REQUEST :  received at 23 May 2015 05:13:45.699
RESPONSE :  sent at 23 May 2015 05:13:45.900
REQUEST :  received at 23 May 2015 05:13:45.906
RESPONSE :  sent at 23 May 2015 05:13:46.207
REQUEST :  received at 23 May 2015 05:13:46.222
RESPONSE :  sent at 23 May 2015 05:13:46.622
REQUEST :  received at 23 May 2015 05:13:46.627
RESPONSE :  sent at 23 May 2015 05:13:47.628
REQUEST :  received at 23 May 2015 05:13:47.634
RESPONSE :  sent at 23 May 2015 05:13:49.135
REQUEST :  received at 23 May 2015 05:14:13.309
RESPONSE :  sent at 23 May 2015 05:14:13.410
REQUEST :  received at 23 May 2015 05:14:13.418
RESPONSE :  sent at 23 May 2015 05:14:13.618
REQUEST :  received at 23 May 2015 05:14:13.625
RESPONSE :  sent at 23 May 2015 05:14:13.925
REQUEST :  received at 23 May 2015 05:14:13.932
RESPONSE :  sent at 23 May 2015 05:14:14.332
REQUEST :  received at 23 May 2015 05:14:14.341
RESPONSE :  sent at 23 May 2015 05:14:15.343
REQUEST :  received at 23 May 2015 05:14:15.347
RESPONSE :  sent at 23 May 2015 05:14:16.848
REQUEST :  received at 23 May 2015 05:15:11.824
RESPONSE :  sent at 23 May 2015 05:15:11.924
REQUEST :  received at 23 May 2015 05:15:11.931
RESPONSE :  sent at 23 May 2015 05:15:12.131
REQUEST :  received at 23 May 2015 05:15:12.143
RESPONSE :  sent at 23 May 2015 05:15:12.444
REQUEST :  received at 23 May 2015 05:15:12.450
RESPONSE :  sent at 23 May 2015 05:15:12.851
REQUEST :  received at 23 May 2015 05:15:12.856
RESPONSE :  sent at 23 May 2015 05:15:13.857
REQUEST :  received at 23 May 2015 05:15:13.862
RESPONSE :  sent at 23 May 2015 05:15:15.363
REQUEST :  received at 23 May 2015 05:16:03.263
RESPONSE :  sent at 23 May 2015 05:16:03.364
REQUEST :  received at 23 May 2015 05:16:03.372
RESPONSE :  sent at 23 May 2015 05:16:03.573
REQUEST :  received at 23 May 2015 05:16:03.578
RESPONSE :  sent at 23 May 2015 05:16:03.879
REQUEST :  received at 23 May 2015 05:16:03.885
RESPONSE :  sent at 23 May 2015 05:16:04.286
REQUEST :  received at 23 May 2015 05:16:04.298
RESPONSE :  sent at 23 May 2015 05:16:05.299
REQUEST :  received at 23 May 2015 05:16:05.305
RESPONSE :  sent at 23 May 2015 05:16:06.806
REQUEST :  received at 23 May 2015 05:18:21.294
RESPONSE :  sent at 23 May 2015 05:18:21.395
REQUEST :  received at 23 May 2015 05:18:27.985
RESPONSE :  sent at 23 May 2015 05:18:28.986
REQUEST :  received at 23 May 2015 05:18:58.980
RESPONSE :  sent at 23 May 2015 05:18:59.994
